In file included from ../src/ursaNative.cc:3:
In file included from ../src/ursaNative.h:10:
In file included from ../../nan/nan.h:222:
In file included from ../../nan/nan_converters.h:67:
../../nan/nan_converters_43_inl.h:22:1: warning: 'ToBoolean' is deprecated: ToBoolean can never throw. Use Local version. [-Wdeprecated-declarations]
X(Boolean)
^
../../nan/nan_converters_43_inl.h:18:12: note: expanded from macro 'X'
      val->To ## TYPE(isolate->GetCurrentContext())                            \
           ^
<scratch space>:207:1: note: expanded from here
ToBoolean
^
/Users/mohammadghoneem/Library/Caches/node-gyp/12.16.2/include/node/v8.h:2663:3: note: 'ToBoolean' has been explicitly marked deprecated here
  V8_DEPRECATED("ToBoolean can never throw. Use Local version.",
  ^
/Users/mohammadghoneem/Library/Caches/node-gyp/12.16.2/include/node/v8config.h:328:29: note: expanded from macro 'V8_DEPRECATED'
  declarator __attribute__((deprecated(message)))
                            ^
In file included from ../src/ursaNative.cc:3:
In file included from ../src/ursaNative.h:10:
In file included from ../../nan/nan.h:222:
In file included from ../../nan/nan_converters.h:67:
../../nan/nan_converters_43_inl.h:40:1: warning: 'BooleanValue' is deprecated: BooleanValue can never throw. Use Isolate version. [-Wdeprecated-declarations]
X(bool, Boolean)
^
../../nan/nan_converters_43_inl.h:37:15: note: expanded from macro 'X'
  return val->NAME ## Value(isolate->GetCurrentContext());                     \
              ^
<scratch space>:214:1: note: expanded from here
BooleanValue
^
/Users/mohammadghoneem/Library/Caches/node-gyp/12.16.2/include/node/v8.h:2701:3: note: 'BooleanValue' has been explicitly marked deprecated here
  V8_DEPRECATED("BooleanValue can never throw. Use Isolate version.",
  ^
/Users/mohammadghoneem/Library/Caches/node-gyp/12.16.2/include/node/v8config.h:328:29: note: expanded from macro 'V8_DEPRECATED'
  declarator __attribute__((deprecated(message)))
                            ^
In file included from ../src/ursaNative.cc:3:
In file included from ../src/ursaNative.h:10:
In file included from ../../nan/nan.h:223:
In file included from ../../nan/nan_new.h:189:
../../nan/nan_implementation_12_inl.h:356:37: error: too few arguments to function call, expected 2, have 1
  return v8::StringObject::New(value).As<v8::StringObject>();
         ~~~~~~~~~~~~~~~~~~~~~      ^
/Users/mohammadghoneem/Library/Caches/node-gyp/12.16.2/include/node/v8.h:5531:3: note: 'New' declared here
  static Local<Value> New(Isolate* isolate, Local<String> value);
  ^
In file included from ../src/ursaNative.cc:3:
In file included from ../src/ursaNative.h:10:
In file included from ../../nan/nan.h:2722:
../../nan/nan_object_wrap.h:24:25: error: no member named 'IsNearDeath' in 'Nan::Persistent<v8::Object, v8::NonCopyablePersistentTraits<v8::Object> >'
    assert(persistent().IsNearDeath());
           ~~~~~~~~~~~~ ^
/Library/Developer/CommandLineTools/SDKs/MacOSX.sdk/usr/include/assert.h:93:25: note: expanded from macro 'assert'
    (__builtin_expect(!(e), 0) ? __assert_rtn(__func__, __FILE__, __LINE__, #e) : (void)0)
                        ^
In file included from ../src/ursaNative.cc:3:
In file included from ../src/ursaNative.h:10:
In file included from ../../nan/nan.h:2722:
../../nan/nan_object_wrap.h:127:26: error: no member named 'IsNearDeath' in 'Nan::Persistent<v8::Object, v8::NonCopyablePersistentTraits<v8::Object> >'
    assert(wrap->handle_.IsNearDeath());
           ~~~~~~~~~~~~~ ^
/Library/Developer/CommandLineTools/SDKs/MacOSX.sdk/usr/include/assert.h:93:25: note: expanded from macro 'assert'
    (__builtin_expect(!(e), 0) ? __assert_rtn(__func__, __FILE__, __LINE__, #e) : (void)0)
                        ^
../src/ursaNative.cc:543:32: error: too few arguments to function call, single argument 'isolate' was not specified
  int length = str->Utf8Length();
               ~~~~~~~~~~~~~~~ ^
/Users/mohammadghoneem/Library/Caches/node-gyp/12.16.2/include/node/v8.h:2818:3: note: 'Utf8Length' declared here
  int Utf8Length(Isolate* isolate) const;
  ^
../src/ursaNative.cc:553:18: error: cannot initialize a parameter of type 'v8::Isolate *' with an lvalue of type 'char *'
  str->WriteUtf8(result, length + 1);
                 ^~~~~~
/Users/mohammadghoneem/Library/Caches/node-gyp/12.16.2/include/node/v8.h:2878:26: note: passing argument to parameter 'isolate' here
  int WriteUtf8(Isolate* isolate, char* buffer, int length = -1,
                         ^
../src/ursaNative.cc:690:68: error: too few arguments to function call, single argument 'context' was not specified
  target->Set(NanNew("RsaWrap").ToLocalChecked(), tpl->GetFunction());
                                                  ~~~~~~~~~~~~~~~~ ^
/Users/mohammadghoneem/Library/Caches/node-gyp/12.16.2/include/node/v8.h:6126:3: note: 'GetFunction' declared here
  V8_WARN_UNUSED_RESULT MaybeLocal<Function> GetFunction(
  ^
/Users/mohammadghoneem/Library/Caches/node-gyp/12.16.2/include/node/v8config.h:368:31: note: expanded from macro 'V8_WARN_UNUSED_RESULT'
#define V8_WARN_UNUSED_RESULT __attribute__((warn_unused_result))
                              ^
../src/ursaNative.cc:691:38: error: too few arguments to function call, single argument 'context' was not specified
  constructor.Reset(tpl->GetFunction());
                    ~~~~~~~~~~~~~~~~ ^
/Users/mohammadghoneem/Library/Caches/node-gyp/12.16.2/include/node/v8.h:6126:3: note: 'GetFunction' declared here
  V8_WARN_UNUSED_RESULT MaybeLocal<Function> GetFunction(
  ^
/Users/mohammadghoneem/Library/Caches/node-gyp/12.16.2/include/node/v8config.h:368:31: note: expanded from macro 'V8_WARN_UNUSED_RESULT'
#define V8_WARN_UNUSED_RESULT __attribute__((warn_unused_result))
                              ^
../src/ursaNative.cc:693:104: error: too few arguments to function call, single argument 'context' was not specified
  target->Set(NanNew("textToNid").ToLocalChecked(), Nan::New<FunctionTemplate>(TextToNid)->GetFunction());
                                                    ~~~~~~~~~~~~~~~~~~~~~~~~~~~~~~~~~~~~~~~~~~~~~~~~~~ ^
/Users/mohammadghoneem/Library/Caches/node-gyp/12.16.2/include/node/v8.h:6126:3: note: 'GetFunction' declared here
  V8_WARN_UNUSED_RESULT MaybeLocal<Function> GetFunction(
  ^
/Users/mohammadghoneem/Library/Caches/node-gyp/12.16.2/include/node/v8config.h:368:31: note: expanded from macro 'V8_WARN_UNUSED_RESULT'
#define V8_WARN_UNUSED_RESULT __attribute__((warn_unused_result))
                              ^
../src/ursaNative.cc:866:42: error: too few arguments to function call, single argument 'context' was not specified
  int modulusBits = args[0]->Uint32Value();
                    ~~~~~~~~~~~~~~~~~~~~ ^
/Users/mohammadghoneem/Library/Caches/node-gyp/12.16.2/include/node/v8.h:2707:3: note: 'Uint32Value' declared here
  V8_WARN_UNUSED_RESULT Maybe<uint32_t> Uint32Value(
  ^
/Users/mohammadghoneem/Library/Caches/node-gyp/12.16.2/include/node/v8config.h:368:31: note: expanded from macro 'V8_WARN_UNUSED_RESULT'
#define V8_WARN_UNUSED_RESULT __attribute__((warn_unused_result))
                              ^
../src/ursaNative.cc:867:39: error: too few arguments to function call, single argument 'context' was not specified
  int exponent = args[1]->Uint32Value();
                 ~~~~~~~~~~~~~~~~~~~~ ^
/Users/mohammadghoneem/Library/Caches/node-gyp/12.16.2/include/node/v8.h:2707:3: note: 'Uint32Value' declared here
  V8_WARN_UNUSED_RESULT Maybe<uint32_t> Uint32Value(
  ^
/Users/mohammadghoneem/Library/Caches/node-gyp/12.16.2/include/node/v8config.h:368:31: note: expanded from macro 'V8_WARN_UNUSED_RESULT'
#define V8_WARN_UNUSED_RESULT __attribute__((warn_unused_result))
                              ^
../src/ursaNative.cc:1103:38: error: too few arguments to function call, single argument 'context' was not specified
  int padding = args[1]->Uint32Value();
                ~~~~~~~~~~~~~~~~~~~~ ^
/Users/mohammadghoneem/Library/Caches/node-gyp/12.16.2/include/node/v8.h:2707:3: note: 'Uint32Value' declared here
  V8_WARN_UNUSED_RESULT Maybe<uint32_t> Uint32Value(
  ^
/Users/mohammadghoneem/Library/Caches/node-gyp/12.16.2/include/node/v8config.h:368:31: note: expanded from macro 'V8_WARN_UNUSED_RESULT'
#define V8_WARN_UNUSED_RESULT __attribute__((warn_unused_result))
                              ^
../src/ursaNative.cc:1161:38: error: too few arguments to function call, single argument 'context' was not specified
  int padding = args[1]->Uint32Value();
                ~~~~~~~~~~~~~~~~~~~~ ^
/Users/mohammadghoneem/Library/Caches/node-gyp/12.16.2/include/node/v8.h:2707:3: note: 'Uint32Value' declared here
  V8_WARN_UNUSED_RESULT Maybe<uint32_t> Uint32Value(
  ^
/Users/mohammadghoneem/Library/Caches/node-gyp/12.16.2/include/node/v8config.h:368:31: note: expanded from macro 'V8_WARN_UNUSED_RESULT'
#define V8_WARN_UNUSED_RESULT __attribute__((warn_unused_result))
                              ^
../src/ursaNative.cc:1218:38: error: too few arguments to function call, single argument 'context' was not specified
  int padding = args[1]->Uint32Value();
                ~~~~~~~~~~~~~~~~~~~~ ^
/Users/mohammadghoneem/Library/Caches/node-gyp/12.16.2/include/node/v8.h:2707:3: note: 'Uint32Value' declared here
  V8_WARN_UNUSED_RESULT Maybe<uint32_t> Uint32Value(
  ^
/Users/mohammadghoneem/Library/Caches/node-gyp/12.16.2/include/node/v8config.h:368:31: note: expanded from macro 'V8_WARN_UNUSED_RESULT'
#define V8_WARN_UNUSED_RESULT __attribute__((warn_unused_result))
                              ^
../src/ursaNative.cc:1272:38: error: too few arguments to function call, single argument 'context' was not specified
  int padding = args[1]->Uint32Value();
                ~~~~~~~~~~~~~~~~~~~~ ^
/Users/mohammadghoneem/Library/Caches/node-gyp/12.16.2/include/node/v8.h:2707:3: note: 'Uint32Value' declared here
  V8_WARN_UNUSED_RESULT Maybe<uint32_t> Uint32Value(
  ^
/Users/mohammadghoneem/Library/Caches/node-gyp/12.16.2/include/node/v8config.h:368:31: note: expanded from macro 'V8_WARN_UNUSED_RESULT'
#define V8_WARN_UNUSED_RESULT __attribute__((warn_unused_result))
                              ^
../src/ursaNative.cc:1411:34: error: too few arguments to function call, single argument 'context' was not specified
  int nid = args[0]->Uint32Value();
            ~~~~~~~~~~~~~~~~~~~~ ^
/Users/mohammadghoneem/Library/Caches/node-gyp/12.16.2/include/node/v8.h:2707:3: note: 'Uint32Value' declared here
  V8_WARN_UNUSED_RESULT Maybe<uint32_t> Uint32Value(
  ^
/Users/mohammadghoneem/Library/Caches/node-gyp/12.16.2/include/node/v8config.h:368:31: note: expanded from macro 'V8_WARN_UNUSED_RESULT'
#define V8_WARN_UNUSED_RESULT __attribute__((warn_unused_result))
                              ^
../src/ursaNative.cc:1477:34: error: too few arguments to function call, single argument 'context' was not specified
  int nid = args[0]->Uint32Value();
            ~~~~~~~~~~~~~~~~~~~~ ^
/Users/mohammadghoneem/Library/Caches/node-gyp/12.16.2/include/node/v8.h:2707:3: note: 'Uint32Value' declared here
  V8_WARN_UNUSED_RESULT Maybe<uint32_t> Uint32Value(
  ^
/Users/mohammadghoneem/Library/Caches/node-gyp/12.16.2/include/node/v8config.h:368:31: note: expanded from macro 'V8_WARN_UNUSED_RESULT'
#define V8_WARN_UNUSED_RESULT __attribute__((warn_unused_result))
                              ^
../src/ursaNative.cc:1554:34: error: too few arguments to function call, single argument 'context' was not specified
  int nid = args[0]->Uint32Value();
            ~~~~~~~~~~~~~~~~~~~~ ^
/Users/mohammadghoneem/Library/Caches/node-gyp/12.16.2/include/node/v8.h:2707:3: note: 'Uint32Value' declared here
  V8_WARN_UNUSED_RESULT Maybe<uint32_t> Uint32Value(
  ^
/Users/mohammadghoneem/Library/Caches/node-gyp/12.16.2/include/node/v8config.h:368:31: note: expanded from macro 'V8_WARN_UNUSED_RESULT'
#define V8_WARN_UNUSED_RESULT __attribute__((warn_unused_result))
                              ^
../src/ursaNative.cc:1584:35: error: too few arguments to function call, single argument 'context' was not specified
  int sLen = args[2]->Uint32Value();
             ~~~~~~~~~~~~~~~~~~~~ ^
/Users/mohammadghoneem/Library/Caches/node-gyp/12.16.2/include/node/v8.h:2707:3: note: 'Uint32Value' declared here
  V8_WARN_UNUSED_RESULT Maybe<uint32_t> Uint32Value(
  ^
/Users/mohammadghoneem/Library/Caches/node-gyp/12.16.2/include/node/v8config.h:368:31: note: expanded from macro 'V8_WARN_UNUSED_RESULT'
#define V8_WARN_UNUSED_RESULT __attribute__((warn_unused_result))
                              ^
../src/ursaNative.cc:1627:34: error: too few arguments to function call, single argument 'context' was not specified
  int nid = args[0]->Uint32Value();
            ~~~~~~~~~~~~~~~~~~~~ ^
/Users/mohammadghoneem/Library/Caches/node-gyp/12.16.2/include/node/v8.h:2707:3: note: 'Uint32Value' declared here
  V8_WARN_UNUSED_RESULT Maybe<uint32_t> Uint32Value(
  ^
/Users/mohammadghoneem/Library/Caches/node-gyp/12.16.2/include/node/v8config.h:368:31: note: expanded from macro 'V8_WARN_UNUSED_RESULT'
#define V8_WARN_UNUSED_RESULT __attribute__((warn_unused_result))
                              ^
fatal error: too many errors emitted, stopping now [-ferror-limit=]
2 warnings and 20 errors generated.
make: *** [Release/obj.target/ursaNative/src/ursaNative.o] Error 1
gyp ERR! build error 
gyp ERR! stack Error: `make` failed with exit code: 2
gyp ERR! stack     at ChildProcess.onExit (/usr/local/lib/node_modules/npm/node_modules/node-gyp/lib/build.js:194:23)
gyp ERR! stack     at ChildProcess.emit (events.js:310:20)
gyp ERR! stack     at Process.ChildProcess._handle.onexit (internal/child_process.js:275:12)
gyp ERR! System Darwin 19.4.0
gyp ERR! command "/usr/local/bin/node" "/usr/local/lib/node_modules/npm/node_modules/node-gyp/bin/node-gyp.js" "rebuild"
gyp ERR! cwd /Users/mohammadghoneem/AVANZA/EKYC/Code/cipher_api/node_modules/ursa-optional
gyp ERR! node -v v12.16.2
gyp ERR! node-gyp -v v5.1.0
gyp ERR! not ok 
npm ERR! code ELIFECYCLE
npm ERR! errno 1
npm ERR! ursa-optional@0.9.10 rebuild: `node-gyp rebuild`
npm ERR! Exit status 1
npm ERR! 
npm ERR! Failed at the ursa-optional@0.9.10 rebuild script.
npm ERR! This is probably not a problem with npm. There is likely additional logging output above.
npm WARN Local package.json exists, but node_modules missing, did you mean to install?

npm ERR! A complete log of this run can be found in:
npm ERR!     /Users/mohammadghoneem/.npm/_logs/2020-05-20T09_55_50_701Z-debug.log
